Copyright 1986-2017 Xilinx, Inc. All Rights Reserved.
---------------------------------------------------------------------------------------------
| Tool Version : Vivado v.2017.4 (win64) Build 2086221 Fri Dec 15 20:55:39 MST 2017
| Date         : Mon Jul 28 10:23:52 2025
| Host         : DESKTOP-MN1CKLB running 64-bit major release  (build 9200)
| Command      : report_control_sets -verbose -file design_1_wrapper_control_sets_placed.rpt
| Design       : design_1_wrapper
| Device       : xc7z020
---------------------------------------------------------------------------------------------

Control Set Information

Table of Contents
-----------------
1. Summary
2. Flip-Flop Distribution
3. Detailed Control Set Information

1. Summary
----------

+----------------------------------------------------------+-------+
|                          Status                          | Count |
+----------------------------------------------------------+-------+
| Number of unique control sets                            |    79 |
| Unused register locations in slices containing registers |    80 |
+----------------------------------------------------------+-------+


2. Flip-Flop Distribution
-------------------------

+--------------+-----------------------+------------------------+-----------------+--------------+
| Clock Enable | Synchronous Set/Reset | Asynchronous Set/Reset | Total Registers | Total Slices |
+--------------+-----------------------+------------------------+-----------------+--------------+
| No           | No                    | No                     |            7533 |         1930 |
| No           | No                    | Yes                    |               0 |            0 |
| No           | Yes                   | No                     |              77 |           25 |
| Yes          | No                    | No                     |             296 |           68 |
| Yes          | No                    | Yes                    |               0 |            0 |
| Yes          | Yes                   | No                     |             446 |          122 |
+--------------+-----------------------+------------------------+-----------------+--------------+


3. Detailed Control Set Information
-----------------------------------

+-------------------------------------------------+----------------------------------------------------------------------------------------------------------------------------------------------------------------+------------------------------------------------------------------------------------------------------------------------------------------+------------------+----------------+
|                   Clock Signal                  |                                                                          Enable Signal                                                                         |                                                             Set/Reset Signal                                                             | Slice Load Count | Bel Load Count |
+-------------------------------------------------+----------------------------------------------------------------------------------------------------------------------------------------------------------------+------------------------------------------------------------------------------------------------------------------------------------------+------------------+----------------+
|  design_1_i/processing_system7_0/inst/FCLK_CLK0 | design_1_i/ps7_0_axi_periph/s00_couplers/auto_pc/inst/gen_axilite.gen_b2s_conv.axilite_b2s/WR.b_channel_0/bid_fifo_0/bresp_push                                |                                                                                                                                          |                1 |              2 |
|  design_1_i/processing_system7_0/inst/FCLK_CLK0 | design_1_i/aes_128_decryption_ip_0/inst/aes_128_decryption_ip_v1_0_S00_AXI_inst/axi_awready0                                                                   | design_1_i/aes_128_decryption_ip_0/inst/axi_awready_i_1_n_0                                                                              |                2 |              4 |
|  design_1_i/processing_system7_0/inst/FCLK_CLK0 |                                                                                                                                                                | design_1_i/rst_ps7_0_100M/U0/EXT_LPF/lpf_int                                                                                             |                3 |              4 |
|  design_1_i/processing_system7_0/inst/FCLK_CLK0 |                                                                                                                                                                | design_1_i/ps7_0_axi_periph/s00_couplers/auto_pc/inst/gen_axilite.gen_b2s_conv.axilite_b2s/SI_REG/ar.ar_pipe/m_valid_i_reg_0             |                2 |              4 |
|  design_1_i/processing_system7_0/inst/FCLK_CLK0 |                                                                                                                                                                | design_1_i/ps7_0_axi_periph/s00_couplers/auto_pc/inst/gen_axilite.gen_b2s_conv.axilite_b2s/SI_REG/aw.aw_pipe/s_ready_i_reg_0             |                3 |              4 |
|  design_1_i/processing_system7_0/inst/FCLK_CLK0 | design_1_i/ps7_0_axi_periph/s00_couplers/auto_pc/inst/gen_axilite.gen_b2s_conv.axilite_b2s/WR.aw_channel_0/aw_cmd_fsm_0/E[0]                                   | design_1_i/ps7_0_axi_periph/s00_couplers/auto_pc/inst/gen_axilite.gen_b2s_conv.axilite_b2s/WR.aw_channel_0/aw_cmd_fsm_0/axlen_cnt_reg[7] |                1 |              4 |
|  design_1_i/processing_system7_0/inst/FCLK_CLK0 | design_1_i/ps7_0_axi_periph/s00_couplers/auto_pc/inst/gen_axilite.gen_b2s_conv.axilite_b2s/RD.ar_channel_0/ar_cmd_fsm_0/axlen_cnt_reg[4][0]                    | design_1_i/ps7_0_axi_periph/s00_couplers/auto_pc/inst/gen_axilite.gen_b2s_conv.axilite_b2s/RD.ar_channel_0/ar_cmd_fsm_0/axlen_cnt_reg[7] |                1 |              4 |
|  design_1_i/processing_system7_0/inst/FCLK_CLK0 | design_1_i/aes_128_decryption_ip_0/inst/aes_128_decryption_ip_v1_0_S00_AXI_inst/axi_arready_i_1_n_0                                                            | design_1_i/aes_128_decryption_ip_0/inst/axi_awready_i_1_n_0                                                                              |                2 |              4 |
|  design_1_i/processing_system7_0/inst/FCLK_CLK0 |                                                                                                                                                                | design_1_i/aes_128_decryption_ip_0/inst/axi_awready_i_1_n_0                                                                              |                3 |              6 |
|  design_1_i/processing_system7_0/inst/FCLK_CLK0 | design_1_i/rst_ps7_0_100M/U0/SEQ/seq_cnt_en                                                                                                                    | design_1_i/rst_ps7_0_100M/U0/SEQ/SEQ_COUNTER/clear                                                                                       |                1 |              6 |
|  design_1_i/processing_system7_0/inst/FCLK_CLK0 | design_1_i/aes_128_decryption_ip_0/inst/aes_128_decryption_ip_v1_0_S00_AXI_inst/slv_reg7[7]_i_1_n_0                                                            | design_1_i/aes_128_decryption_ip_0/inst/axi_awready_i_1_n_0                                                                              |                2 |              8 |
|  design_1_i/processing_system7_0/inst/FCLK_CLK0 | design_1_i/aes_128_decryption_ip_0/inst/aes_128_decryption_ip_v1_0_S00_AXI_inst/slv_reg4[7]_i_1_n_0                                                            | design_1_i/aes_128_decryption_ip_0/inst/axi_awready_i_1_n_0                                                                              |                1 |              8 |
|  design_1_i/processing_system7_0/inst/FCLK_CLK0 | design_1_i/aes_128_decryption_ip_0/inst/aes_128_decryption_ip_v1_0_S00_AXI_inst/slv_reg3[31]_i_1_n_0                                                           | design_1_i/aes_128_decryption_ip_0/inst/axi_awready_i_1_n_0                                                                              |                2 |              8 |
|  design_1_i/processing_system7_0/inst/FCLK_CLK0 | design_1_i/aes_128_decryption_ip_0/inst/aes_128_decryption_ip_v1_0_S00_AXI_inst/slv_reg13[15]_i_1_n_0                                                          | design_1_i/aes_128_decryption_ip_0/inst/axi_awready_i_1_n_0                                                                              |                2 |              8 |
|  design_1_i/processing_system7_0/inst/FCLK_CLK0 | design_1_i/aes_128_decryption_ip_0/inst/aes_128_decryption_ip_v1_0_S00_AXI_inst/slv_reg4[15]_i_1_n_0                                                           | design_1_i/aes_128_decryption_ip_0/inst/axi_awready_i_1_n_0                                                                              |                2 |              8 |
|  design_1_i/processing_system7_0/inst/FCLK_CLK0 | design_1_i/ps7_0_axi_periph/s00_couplers/auto_pc/inst/gen_axilite.gen_b2s_conv.axilite_b2s/WR.aw_channel_0/cmd_translator_0/incr_cmd_0/axaddr_incr[11]_i_1_n_0 |                                                                                                                                          |                3 |              8 |
|  design_1_i/processing_system7_0/inst/FCLK_CLK0 | design_1_i/ps7_0_axi_periph/s00_couplers/auto_pc/inst/gen_axilite.gen_b2s_conv.axilite_b2s/WR.aw_channel_0/aw_cmd_fsm_0/wrap_boundary_axaddr_r_reg[0][0]       |                                                                                                                                          |                4 |              8 |
|  design_1_i/processing_system7_0/inst/FCLK_CLK0 | design_1_i/ps7_0_axi_periph/s00_couplers/auto_pc/inst/gen_axilite.gen_b2s_conv.axilite_b2s/RD.ar_channel_0/ar_cmd_fsm_0/E[0]                                   |                                                                                                                                          |                3 |              8 |
|  design_1_i/processing_system7_0/inst/FCLK_CLK0 | design_1_i/ps7_0_axi_periph/s00_couplers/auto_pc/inst/gen_axilite.gen_b2s_conv.axilite_b2s/RD.ar_channel_0/ar_cmd_fsm_0/axaddr_incr_reg[0][0]                  |                                                                                                                                          |                3 |              8 |
|  design_1_i/processing_system7_0/inst/FCLK_CLK0 | design_1_i/aes_128_decryption_ip_0/inst/aes_128_decryption_ip_v1_0_S00_AXI_inst/slv_reg13[31]_i_1_n_0                                                          | design_1_i/aes_128_decryption_ip_0/inst/axi_awready_i_1_n_0                                                                              |                2 |              8 |
|  design_1_i/processing_system7_0/inst/FCLK_CLK0 | design_1_i/aes_128_decryption_ip_0/inst/aes_128_decryption_ip_v1_0_S00_AXI_inst/slv_reg15[23]_i_1_n_0                                                          | design_1_i/aes_128_decryption_ip_0/inst/axi_awready_i_1_n_0                                                                              |                1 |              8 |
|  design_1_i/processing_system7_0/inst/FCLK_CLK0 | design_1_i/aes_128_decryption_ip_0/inst/aes_128_decryption_ip_v1_0_S00_AXI_inst/slv_reg13[23]_i_1_n_0                                                          | design_1_i/aes_128_decryption_ip_0/inst/axi_awready_i_1_n_0                                                                              |                1 |              8 |
|  design_1_i/processing_system7_0/inst/FCLK_CLK0 | design_1_i/aes_128_decryption_ip_0/inst/aes_128_decryption_ip_v1_0_S00_AXI_inst/slv_reg0[15]_i_1_n_0                                                           | design_1_i/aes_128_decryption_ip_0/inst/axi_awready_i_1_n_0                                                                              |                1 |              8 |
|  design_1_i/processing_system7_0/inst/FCLK_CLK0 | design_1_i/aes_128_decryption_ip_0/inst/aes_128_decryption_ip_v1_0_S00_AXI_inst/slv_reg12[15]_i_1_n_0                                                          | design_1_i/aes_128_decryption_ip_0/inst/axi_awready_i_1_n_0                                                                              |                2 |              8 |
|  design_1_i/processing_system7_0/inst/FCLK_CLK0 | design_1_i/aes_128_decryption_ip_0/inst/aes_128_decryption_ip_v1_0_S00_AXI_inst/slv_reg0[23]_i_1_n_0                                                           | design_1_i/aes_128_decryption_ip_0/inst/axi_awready_i_1_n_0                                                                              |                2 |              8 |
|  design_1_i/processing_system7_0/inst/FCLK_CLK0 | design_1_i/aes_128_decryption_ip_0/inst/aes_128_decryption_ip_v1_0_S00_AXI_inst/slv_reg0[7]_i_1_n_0                                                            | design_1_i/aes_128_decryption_ip_0/inst/axi_awready_i_1_n_0                                                                              |                1 |              8 |
|  design_1_i/processing_system7_0/inst/FCLK_CLK0 | design_1_i/aes_128_decryption_ip_0/inst/aes_128_decryption_ip_v1_0_S00_AXI_inst/slv_reg12[23]_i_1_n_0                                                          | design_1_i/aes_128_decryption_ip_0/inst/axi_awready_i_1_n_0                                                                              |                2 |              8 |
|  design_1_i/processing_system7_0/inst/FCLK_CLK0 | design_1_i/aes_128_decryption_ip_0/inst/aes_128_decryption_ip_v1_0_S00_AXI_inst/slv_reg12[7]_i_1_n_0                                                           | design_1_i/aes_128_decryption_ip_0/inst/axi_awready_i_1_n_0                                                                              |                1 |              8 |
|  design_1_i/processing_system7_0/inst/FCLK_CLK0 | design_1_i/aes_128_decryption_ip_0/inst/aes_128_decryption_ip_v1_0_S00_AXI_inst/slv_reg14[15]_i_1_n_0                                                          | design_1_i/aes_128_decryption_ip_0/inst/axi_awready_i_1_n_0                                                                              |                2 |              8 |
|  design_1_i/processing_system7_0/inst/FCLK_CLK0 | design_1_i/aes_128_decryption_ip_0/inst/aes_128_decryption_ip_v1_0_S00_AXI_inst/slv_reg14[7]_i_1_n_0                                                           | design_1_i/aes_128_decryption_ip_0/inst/axi_awready_i_1_n_0                                                                              |                3 |              8 |
|  design_1_i/processing_system7_0/inst/FCLK_CLK0 | design_1_i/aes_128_decryption_ip_0/inst/aes_128_decryption_ip_v1_0_S00_AXI_inst/slv_reg12[31]_i_1_n_0                                                          | design_1_i/aes_128_decryption_ip_0/inst/axi_awready_i_1_n_0                                                                              |                1 |              8 |
|  design_1_i/processing_system7_0/inst/FCLK_CLK0 | design_1_i/aes_128_decryption_ip_0/inst/aes_128_decryption_ip_v1_0_S00_AXI_inst/slv_reg13[7]_i_1_n_0                                                           | design_1_i/aes_128_decryption_ip_0/inst/axi_awready_i_1_n_0                                                                              |                1 |              8 |
|  design_1_i/processing_system7_0/inst/FCLK_CLK0 | design_1_i/aes_128_decryption_ip_0/inst/aes_128_decryption_ip_v1_0_S00_AXI_inst/slv_reg15[31]_i_1_n_0                                                          | design_1_i/aes_128_decryption_ip_0/inst/axi_awready_i_1_n_0                                                                              |                3 |              8 |
|  design_1_i/processing_system7_0/inst/FCLK_CLK0 | design_1_i/aes_128_decryption_ip_0/inst/aes_128_decryption_ip_v1_0_S00_AXI_inst/slv_reg0[31]_i_1_n_0                                                           | design_1_i/aes_128_decryption_ip_0/inst/axi_awready_i_1_n_0                                                                              |                1 |              8 |
|  design_1_i/processing_system7_0/inst/FCLK_CLK0 | design_1_i/aes_128_decryption_ip_0/inst/aes_128_decryption_ip_v1_0_S00_AXI_inst/slv_reg15[7]_i_1_n_0                                                           | design_1_i/aes_128_decryption_ip_0/inst/axi_awready_i_1_n_0                                                                              |                1 |              8 |
|  design_1_i/processing_system7_0/inst/FCLK_CLK0 | design_1_i/aes_128_decryption_ip_0/inst/aes_128_decryption_ip_v1_0_S00_AXI_inst/slv_reg1[15]_i_1_n_0                                                           | design_1_i/aes_128_decryption_ip_0/inst/axi_awready_i_1_n_0                                                                              |                2 |              8 |
|  design_1_i/processing_system7_0/inst/FCLK_CLK0 | design_1_i/aes_128_decryption_ip_0/inst/aes_128_decryption_ip_v1_0_S00_AXI_inst/slv_reg14[23]_i_1_n_0                                                          | design_1_i/aes_128_decryption_ip_0/inst/axi_awready_i_1_n_0                                                                              |                2 |              8 |
|  design_1_i/processing_system7_0/inst/FCLK_CLK0 | design_1_i/aes_128_decryption_ip_0/inst/aes_128_decryption_ip_v1_0_S00_AXI_inst/slv_reg14[31]_i_1_n_0                                                          | design_1_i/aes_128_decryption_ip_0/inst/axi_awready_i_1_n_0                                                                              |                1 |              8 |
|  design_1_i/processing_system7_0/inst/FCLK_CLK0 | design_1_i/aes_128_decryption_ip_0/inst/aes_128_decryption_ip_v1_0_S00_AXI_inst/slv_reg15[15]_i_1_n_0                                                          | design_1_i/aes_128_decryption_ip_0/inst/axi_awready_i_1_n_0                                                                              |                1 |              8 |
|  design_1_i/processing_system7_0/inst/FCLK_CLK0 | design_1_i/ps7_0_axi_periph/s00_couplers/auto_pc/inst/gen_axilite.gen_b2s_conv.axilite_b2s/WR.b_channel_0/mhandshake_r                                         | design_1_i/ps7_0_axi_periph/s00_couplers/auto_pc/inst/gen_axilite.gen_b2s_conv.axilite_b2s/WR.b_channel_0/bid_fifo_0/SR[0]               |                3 |              8 |
|  design_1_i/processing_system7_0/inst/FCLK_CLK0 | design_1_i/aes_128_decryption_ip_0/inst/aes_128_decryption_ip_v1_0_S00_AXI_inst/slv_reg7[23]_i_1_n_0                                                           | design_1_i/aes_128_decryption_ip_0/inst/axi_awready_i_1_n_0                                                                              |                1 |              8 |
|  design_1_i/processing_system7_0/inst/FCLK_CLK0 | design_1_i/aes_128_decryption_ip_0/inst/aes_128_decryption_ip_v1_0_S00_AXI_inst/slv_reg7[15]_i_1_n_0                                                           | design_1_i/aes_128_decryption_ip_0/inst/axi_awready_i_1_n_0                                                                              |                2 |              8 |
|  design_1_i/processing_system7_0/inst/FCLK_CLK0 | design_1_i/aes_128_decryption_ip_0/inst/aes_128_decryption_ip_v1_0_S00_AXI_inst/slv_reg5[7]_i_1_n_0                                                            | design_1_i/aes_128_decryption_ip_0/inst/axi_awready_i_1_n_0                                                                              |                2 |              8 |
|  design_1_i/processing_system7_0/inst/FCLK_CLK0 | design_1_i/aes_128_decryption_ip_0/inst/aes_128_decryption_ip_v1_0_S00_AXI_inst/slv_reg5[15]_i_1_n_0                                                           | design_1_i/aes_128_decryption_ip_0/inst/axi_awready_i_1_n_0                                                                              |                1 |              8 |
|  design_1_i/processing_system7_0/inst/FCLK_CLK0 | design_1_i/aes_128_decryption_ip_0/inst/aes_128_decryption_ip_v1_0_S00_AXI_inst/slv_reg1[23]_i_1_n_0                                                           | design_1_i/aes_128_decryption_ip_0/inst/axi_awready_i_1_n_0                                                                              |                1 |              8 |
|  design_1_i/processing_system7_0/inst/FCLK_CLK0 | design_1_i/aes_128_decryption_ip_0/inst/aes_128_decryption_ip_v1_0_S00_AXI_inst/slv_reg6[15]_i_1_n_0                                                           | design_1_i/aes_128_decryption_ip_0/inst/axi_awready_i_1_n_0                                                                              |                2 |              8 |
|  design_1_i/processing_system7_0/inst/FCLK_CLK0 | design_1_i/aes_128_decryption_ip_0/inst/aes_128_decryption_ip_v1_0_S00_AXI_inst/slv_reg2[7]_i_1_n_0                                                            | design_1_i/aes_128_decryption_ip_0/inst/axi_awready_i_1_n_0                                                                              |                2 |              8 |
|  design_1_i/processing_system7_0/inst/FCLK_CLK0 | design_1_i/aes_128_decryption_ip_0/inst/aes_128_decryption_ip_v1_0_S00_AXI_inst/slv_reg1[7]_i_1_n_0                                                            | design_1_i/aes_128_decryption_ip_0/inst/axi_awready_i_1_n_0                                                                              |                2 |              8 |
|  design_1_i/processing_system7_0/inst/FCLK_CLK0 | design_1_i/aes_128_decryption_ip_0/inst/aes_128_decryption_ip_v1_0_S00_AXI_inst/slv_reg7[31]_i_1_n_0                                                           | design_1_i/aes_128_decryption_ip_0/inst/axi_awready_i_1_n_0                                                                              |                2 |              8 |
|  design_1_i/processing_system7_0/inst/FCLK_CLK0 | design_1_i/aes_128_decryption_ip_0/inst/aes_128_decryption_ip_v1_0_S00_AXI_inst/slv_reg3[7]_i_1_n_0                                                            | design_1_i/aes_128_decryption_ip_0/inst/axi_awready_i_1_n_0                                                                              |                4 |              8 |
|  design_1_i/processing_system7_0/inst/FCLK_CLK0 | design_1_i/aes_128_decryption_ip_0/inst/aes_128_decryption_ip_v1_0_S00_AXI_inst/slv_reg5[31]_i_1_n_0                                                           | design_1_i/aes_128_decryption_ip_0/inst/axi_awready_i_1_n_0                                                                              |                2 |              8 |
|  design_1_i/processing_system7_0/inst/FCLK_CLK0 | design_1_i/aes_128_decryption_ip_0/inst/aes_128_decryption_ip_v1_0_S00_AXI_inst/slv_reg6[23]_i_1_n_0                                                           | design_1_i/aes_128_decryption_ip_0/inst/axi_awready_i_1_n_0                                                                              |                2 |              8 |
|  design_1_i/processing_system7_0/inst/FCLK_CLK0 | design_1_i/aes_128_decryption_ip_0/inst/aes_128_decryption_ip_v1_0_S00_AXI_inst/slv_reg5[23]_i_1_n_0                                                           | design_1_i/aes_128_decryption_ip_0/inst/axi_awready_i_1_n_0                                                                              |                2 |              8 |
|  design_1_i/processing_system7_0/inst/FCLK_CLK0 | design_1_i/aes_128_decryption_ip_0/inst/aes_128_decryption_ip_v1_0_S00_AXI_inst/slv_reg4[23]_i_1_n_0                                                           | design_1_i/aes_128_decryption_ip_0/inst/axi_awready_i_1_n_0                                                                              |                1 |              8 |
|  design_1_i/processing_system7_0/inst/FCLK_CLK0 | design_1_i/aes_128_decryption_ip_0/inst/aes_128_decryption_ip_v1_0_S00_AXI_inst/slv_reg4[31]_i_1_n_0                                                           | design_1_i/aes_128_decryption_ip_0/inst/axi_awready_i_1_n_0                                                                              |                2 |              8 |
|  design_1_i/processing_system7_0/inst/FCLK_CLK0 | design_1_i/aes_128_decryption_ip_0/inst/aes_128_decryption_ip_v1_0_S00_AXI_inst/slv_reg6[7]_i_1_n_0                                                            | design_1_i/aes_128_decryption_ip_0/inst/axi_awready_i_1_n_0                                                                              |                1 |              8 |
|  design_1_i/processing_system7_0/inst/FCLK_CLK0 | design_1_i/aes_128_decryption_ip_0/inst/aes_128_decryption_ip_v1_0_S00_AXI_inst/slv_reg2[15]_i_1_n_0                                                           | design_1_i/aes_128_decryption_ip_0/inst/axi_awready_i_1_n_0                                                                              |                2 |              8 |
|  design_1_i/processing_system7_0/inst/FCLK_CLK0 | design_1_i/aes_128_decryption_ip_0/inst/aes_128_decryption_ip_v1_0_S00_AXI_inst/slv_reg6[31]_i_1_n_0                                                           | design_1_i/aes_128_decryption_ip_0/inst/axi_awready_i_1_n_0                                                                              |                1 |              8 |
|  design_1_i/processing_system7_0/inst/FCLK_CLK0 | design_1_i/aes_128_decryption_ip_0/inst/aes_128_decryption_ip_v1_0_S00_AXI_inst/slv_reg2[23]_i_1_n_0                                                           | design_1_i/aes_128_decryption_ip_0/inst/axi_awready_i_1_n_0                                                                              |                2 |              8 |
|  design_1_i/processing_system7_0/inst/FCLK_CLK0 | design_1_i/aes_128_decryption_ip_0/inst/aes_128_decryption_ip_v1_0_S00_AXI_inst/slv_reg3[23]_i_1_n_0                                                           | design_1_i/aes_128_decryption_ip_0/inst/axi_awready_i_1_n_0                                                                              |                2 |              8 |
|  design_1_i/processing_system7_0/inst/FCLK_CLK0 | design_1_i/aes_128_decryption_ip_0/inst/aes_128_decryption_ip_v1_0_S00_AXI_inst/slv_reg1[31]_i_1_n_0                                                           | design_1_i/aes_128_decryption_ip_0/inst/axi_awready_i_1_n_0                                                                              |                1 |              8 |
|  design_1_i/processing_system7_0/inst/FCLK_CLK0 | design_1_i/aes_128_decryption_ip_0/inst/aes_128_decryption_ip_v1_0_S00_AXI_inst/slv_reg2[31]_i_1_n_0                                                           | design_1_i/aes_128_decryption_ip_0/inst/axi_awready_i_1_n_0                                                                              |                2 |              8 |
|  design_1_i/processing_system7_0/inst/FCLK_CLK0 | design_1_i/aes_128_decryption_ip_0/inst/aes_128_decryption_ip_v1_0_S00_AXI_inst/slv_reg3[15]_i_1_n_0                                                           | design_1_i/aes_128_decryption_ip_0/inst/axi_awready_i_1_n_0                                                                              |                1 |              8 |
|  design_1_i/processing_system7_0/inst/FCLK_CLK0 | design_1_i/ps7_0_axi_periph/s00_couplers/auto_pc/inst/gen_axilite.gen_b2s_conv.axilite_b2s/RD.r_channel_0/r_push_r                                             |                                                                                                                                          |                4 |             13 |
|  design_1_i/processing_system7_0/inst/FCLK_CLK0 | design_1_i/ps7_0_axi_periph/s00_couplers/auto_pc/inst/gen_axilite.gen_b2s_conv.axilite_b2s/SI_REG/b.b_pipe/p_1_in                                              |                                                                                                                                          |                2 |             14 |
|  design_1_i/processing_system7_0/inst/FCLK_CLK0 | design_1_i/ps7_0_axi_periph/s00_couplers/auto_pc/inst/gen_axilite.gen_b2s_conv.axilite_b2s/SI_REG/b.b_pipe/skid_buffer_reg[0]_0                                |                                                                                                                                          |                3 |             14 |
|  design_1_i/processing_system7_0/inst/FCLK_CLK0 | design_1_i/ps7_0_axi_periph/s00_couplers/auto_pc/inst/gen_axilite.gen_b2s_conv.axilite_b2s/WR.aw_channel_0/aw_cmd_fsm_0/b_push                                 |                                                                                                                                          |                3 |             16 |
|  design_1_i/processing_system7_0/inst/FCLK_CLK0 | design_1_i/ps7_0_axi_periph/s00_couplers/auto_pc/inst/gen_axilite.gen_b2s_conv.axilite_b2s/WR.aw_channel_0/aw_cmd_fsm_0/E[0]                                   |                                                                                                                                          |                5 |             17 |
|  design_1_i/processing_system7_0/inst/FCLK_CLK0 | design_1_i/ps7_0_axi_periph/s00_couplers/auto_pc/inst/gen_axilite.gen_b2s_conv.axilite_b2s/RD.ar_channel_0/ar_cmd_fsm_0/axlen_cnt_reg[4][0]                    |                                                                                                                                          |                7 |             17 |
|  design_1_i/processing_system7_0/inst/FCLK_CLK0 | design_1_i/ps7_0_axi_periph/s00_couplers/auto_pc/inst/gen_axilite.gen_b2s_conv.axilite_b2s/WR.aw_channel_0/aw_cmd_fsm_0/m_payload_i_reg[0][0]                  |                                                                                                                                          |                5 |             28 |
|  design_1_i/processing_system7_0/inst/FCLK_CLK0 | design_1_i/ps7_0_axi_periph/s00_couplers/auto_pc/inst/gen_axilite.gen_b2s_conv.axilite_b2s/RD.ar_channel_0/ar_cmd_fsm_0/m_payload_i_reg[0]_1[0]                |                                                                                                                                          |                6 |             28 |
|  design_1_i/processing_system7_0/inst/FCLK_CLK0 | design_1_i/ps7_0_axi_periph/s00_couplers/auto_pc/inst/gen_axilite.gen_b2s_conv.axilite_b2s/SI_REG/ar.ar_pipe/s_axi_arready                                     |                                                                                                                                          |                6 |             28 |
|  design_1_i/processing_system7_0/inst/FCLK_CLK0 | design_1_i/ps7_0_axi_periph/s00_couplers/auto_pc/inst/gen_axilite.gen_b2s_conv.axilite_b2s/SI_REG/aw.aw_pipe/s_axi_awready                                     |                                                                                                                                          |                4 |             28 |
|  design_1_i/processing_system7_0/inst/FCLK_CLK0 | design_1_i/aes_128_decryption_ip_0/inst/aes_128_decryption_ip_v1_0_S00_AXI_inst/slv_reg_rden__0                                                                | design_1_i/aes_128_decryption_ip_0/inst/axi_awready_i_1_n_0                                                                              |               32 |             32 |
|  design_1_i/processing_system7_0/inst/FCLK_CLK0 | design_1_i/ps7_0_axi_periph/s00_couplers/auto_pc/inst/gen_axilite.gen_b2s_conv.axilite_b2s/RD.r_channel_0/rd_data_fifo_0/wr_en0                                |                                                                                                                                          |                9 |             32 |
|  design_1_i/processing_system7_0/inst/FCLK_CLK0 | design_1_i/ps7_0_axi_periph/s00_couplers/auto_pc/inst/gen_axilite.gen_b2s_conv.axilite_b2s/SI_REG/r.r_pipe/skid_buffer_reg[0]_0                                |                                                                                                                                          |                9 |             45 |
|  design_1_i/processing_system7_0/inst/FCLK_CLK0 | design_1_i/ps7_0_axi_periph/s00_couplers/auto_pc/inst/gen_axilite.gen_b2s_conv.axilite_b2s/SI_REG/r.r_pipe/p_1_in                                              |                                                                                                                                          |                8 |             45 |
|  design_1_i/processing_system7_0/inst/FCLK_CLK0 |                                                                                                                                                                | design_1_i/ps7_0_axi_periph/s00_couplers/auto_pc/inst/gen_axilite.gen_b2s_conv.axilite_b2s/areset_d1                                     |               14 |             59 |
|  design_1_i/processing_system7_0/inst/FCLK_CLK0 |                                                                                                                                                                |                                                                                                                                          |             1931 |           7534 |
+-------------------------------------------------+----------------------------------------------------------------------------------------------------------------------------------------------------------------+------------------------------------------------------------------------------------------------------------------------------------------+------------------+----------------+


+--------+-----------------------+
| Fanout | Number of ControlSets |
+--------+-----------------------+
| 2      |                     1 |
| 4      |                     7 |
| 6      |                     2 |
| 8      |                    53 |
| 13     |                     1 |
| 14     |                     2 |
| 16+    |                    13 |
+--------+-----------------------+


