Copyright 1986-2017 Xilinx, Inc. All Rights Reserved.
------------------------------------------------------------------------------------
| Tool Version : Vivado v.2017.4 (win64) Build 2086221 Fri Dec 15 20:55:39 MST 2017
| Date         : Mon Jul 28 10:17:22 2025
| Host         : DESKTOP-MN1CKLB running 64-bit major release  (build 9200)
| Command      : upgrade_ip
| Device       : xc7z020clg400-1
------------------------------------------------------------------------------------

Upgrade Log for IP 'design_1_aes_128_decryption_ip_0_0'

1. Summary
----------

SUCCESS in the upgrade of design_1_aes_128_decryption_ip_0_0 (xilinx.com:user:aes_128_decryption_ip:1.0) from (Rev. 4) to (Rev. 5)






Copyright 1986-2017 Xilinx, Inc. All Rights Reserved.
------------------------------------------------------------------------------------
| Tool Version : Vivado v.2017.4 (win64) Build 2086221 Fri Dec 15 20:55:39 MST 2017
| Date         : Wed Jul 23 11:59:13 2025
| Host         : DESKTOP-MN1CKLB running 64-bit major release  (build 9200)
| Command      : upgrade_ip
| Device       : xc7z020clg400-1
------------------------------------------------------------------------------------

Upgrade Log for IP 'design_1_aes_128_decryption_ip_0_0'

1. Summary
----------

SUCCESS in the upgrade of design_1_aes_128_decryption_ip_0_0 (xilinx.com:user:aes_128_decryption_ip:1.0) from (Rev. 3) to (Rev. 4)






Copyright 1986-2017 Xilinx, Inc. All Rights Reserved.
------------------------------------------------------------------------------------
| Tool Version : Vivado v.2017.4 (win64) Build 2086221 Fri Dec 15 20:55:39 MST 2017
| Date         : Wed Jul 23 11:23:08 2025
| Host         : DESKTOP-MN1CKLB running 64-bit major release  (build 9200)
| Command      : upgrade_ip
| Device       : xc7z020clg400-1
------------------------------------------------------------------------------------

Upgrade Log for IP 'design_1_aes_128_decryption_ip_0_0'

1. Summary
----------

SUCCESS in the upgrade of design_1_aes_128_decryption_ip_0_0 (xilinx.com:user:aes_128_decryption_ip:1.0) from (Rev. 2) to (Rev. 3)

