Vivado Simulator 2017.4
Copyright 1986-1999, 2001-2016 Xilinx, Inc. All Rights Reserved.
Running: C:/Xilinx/Vivado/2017.4/bin/unwrapped/win64.o/xelab.exe -wto 07396e82ada643e6a91984724ba1a5b7 --incr --debug typical --relax --mt 2 -L xil_defaultlib -L unisims_ver -L unimacro_ver -L secureip --snapshot test_aes_128_behav xil_defaultlib.test_aes_128 xil_defaultlib.glbl -log elaborate.log 
Using 2 slave threads.
Starting static elaboration
Completed static elaboration
Starting simulation data flow analysis
WARNING: [XSIM 43-4099] "D:/Senior Design/Technical Work/Vivado/AES_128_Decryption_IP/ip_repo/aes_128_decryption_ip_1.0/src/aes_128.v" Line 1. Module aes_128 doesn't have a timescale but at least one module in design has a timescale.
WARNING: [XSIM 43-4099] "D:/Senior Design/Technical Work/Vivado/AES_128_Decryption_IP/ip_repo/aes_128_decryption_ip_1.0/src/aes_128.v" Line 47. Module expand_key_128 doesn't have a timescale but at least one module in design has a timescale.
WARNING: [XSIM 43-4099] "D:/Senior Design/Technical Work/Vivado/AES_128_Decryption_IP/ip_repo/aes_128_decryption_ip_1.0/src/table.v" Line 358. Module S4 doesn't have a timescale but at least one module in design has a timescale.
WARNING: [XSIM 43-4099] "D:/Senior Design/Technical Work/Vivado/AES_128_Decryption_IP/ip_repo/aes_128_decryption_ip_1.0/src/table.v" Line 371. Module S doesn't have a timescale but at least one module in design has a timescale.
WARNING: [XSIM 43-4099] "D:/Senior Design/Technical Work/Vivado/AES_128_Decryption_IP/ip_repo/aes_128_decryption_ip_1.0/src/table.v" Line 371. Module S doesn't have a timescale but at least one module in design has a timescale.
WARNING: [XSIM 43-4099] "D:/Senior Design/Technical Work/Vivado/AES_128_Decryption_IP/ip_repo/aes_128_decryption_ip_1.0/src/table.v" Line 371. Module S doesn't have a timescale but at least one module in design has a timescale.
WARNING: [XSIM 43-4099] "D:/Senior Design/Technical Work/Vivado/AES_128_Decryption_IP/ip_repo/aes_128_decryption_ip_1.0/src/table.v" Line 371. Module S doesn't have a timescale but at least one module in design has a timescale.
WARNING: [XSIM 43-4099] "D:/Senior Design/Technical Work/Vivado/AES_128_Decryption_IP/ip_repo/aes_128_decryption_ip_1.0/src/aes_128.v" Line 47. Module expand_key_128 doesn't have a timescale but at least one module in design has a timescale.
WARNING: [XSIM 43-4099] "D:/Senior Design/Technical Work/Vivado/AES_128_Decryption_IP/ip_repo/aes_128_decryption_ip_1.0/src/table.v" Line 358. Module S4 doesn't have a timescale but at least one module in design has a timescale.
WARNING: [XSIM 43-4099] "D:/Senior Design/Technical Work/Vivado/AES_128_Decryption_IP/ip_repo/aes_128_decryption_ip_1.0/src/table.v" Line 371. Module S doesn't have a timescale but at least one module in design has a timescale.
WARNING: [XSIM 43-4099] "D:/Senior Design/Technical Work/Vivado/AES_128_Decryption_IP/ip_repo/aes_128_decryption_ip_1.0/src/table.v" Line 371. Module S doesn't have a timescale but at least one module in design has a timescale.
WARNING: [XSIM 43-4099] "D:/Senior Design/Technical Work/Vivado/AES_128_Decryption_IP/ip_repo/aes_128_decryption_ip_1.0/src/table.v" Line 371. Module S doesn't have a timescale but at least one module in design has a timescale.
WARNING: [XSIM 43-4099] "D:/Senior Design/Technical Work/Vivado/AES_128_Decryption_IP/ip_repo/aes_128_decryption_ip_1.0/src/table.v" Line 371. Module S doesn't have a timescale but at least one module in design has a timescale.
WARNING: [XSIM 43-4099] "D:/Senior Design/Technical Work/Vivado/AES_128_Decryption_IP/ip_repo/aes_128_decryption_ip_1.0/src/aes_128.v" Line 47. Module expand_key_128 doesn't have a timescale but at least one module in design has a timescale.
WARNING: [XSIM 43-4099] "D:/Senior Design/Technical Work/Vivado/AES_128_Decryption_IP/ip_repo/aes_128_decryption_ip_1.0/src/table.v" Line 358. Module S4 doesn't have a timescale but at least one module in design has a timescale.
WARNING: [XSIM 43-4099] "D:/Senior Design/Technical Work/Vivado/AES_128_Decryption_IP/ip_repo/aes_128_decryption_ip_1.0/src/table.v" Line 371. Module S doesn't have a timescale but at least one module in design has a timescale.
WARNING: [XSIM 43-4099] "D:/Senior Design/Technical Work/Vivado/AES_128_Decryption_IP/ip_repo/aes_128_decryption_ip_1.0/src/table.v" Line 371. Module S doesn't have a timescale but at least one module in design has a timescale.
WARNING: [XSIM 43-4099] "D:/Senior Design/Technical Work/Vivado/AES_128_Decryption_IP/ip_repo/aes_128_decryption_ip_1.0/src/table.v" Line 371. Module S doesn't have a timescale but at least one module in design has a timescale.
WARNING: [XSIM 43-4099] "D:/Senior Design/Technical Work/Vivado/AES_128_Decryption_IP/ip_repo/aes_128_decryption_ip_1.0/src/table.v" Line 371. Module S doesn't have a timescale but at least one module in design has a timescale.
WARNING: [XSIM 43-4099] "D:/Senior Design/Technical Work/Vivado/AES_128_Decryption_IP/ip_repo/aes_128_decryption_ip_1.0/src/aes_128.v" Line 47. Module expand_key_128 doesn't have a timescale but at least one module in design has a timescale.
WARNING: [XSIM 43-4099] "D:/Senior Design/Technical Work/Vivado/AES_128_Decryption_IP/ip_repo/aes_128_decryption_ip_1.0/src/table.v" Line 358. Module S4 doesn't have a timescale but at least one module in design has a timescale.
WARNING: [XSIM 43-4099] "D:/Senior Design/Technical Work/Vivado/AES_128_Decryption_IP/ip_repo/aes_128_decryption_ip_1.0/src/table.v" Line 371. Module S doesn't have a timescale but at least one module in design has a timescale.
WARNING: [XSIM 43-4099] "D:/Senior Design/Technical Work/Vivado/AES_128_Decryption_IP/ip_repo/aes_128_decryption_ip_1.0/src/table.v" Line 371. Module S doesn't have a timescale but at least one module in design has a timescale.
WARNING: [XSIM 43-4099] "D:/Senior Design/Technical Work/Vivado/AES_128_Decryption_IP/ip_repo/aes_128_decryption_ip_1.0/src/table.v" Line 371. Module S doesn't have a timescale but at least one module in design has a timescale.
WARNING: [XSIM 43-4099] "D:/Senior Design/Technical Work/Vivado/AES_128_Decryption_IP/ip_repo/aes_128_decryption_ip_1.0/src/table.v" Line 371. Module S doesn't have a timescale but at least one module in design has a timescale.
WARNING: [XSIM 43-4099] "D:/Senior Design/Technical Work/Vivado/AES_128_Decryption_IP/ip_repo/aes_128_decryption_ip_1.0/src/aes_128.v" Line 47. Module expand_key_128 doesn't have a timescale but at least one module in design has a timescale.
WARNING: [XSIM 43-4099] "D:/Senior Design/Technical Work/Vivado/AES_128_Decryption_IP/ip_repo/aes_128_decryption_ip_1.0/src/table.v" Line 358. Module S4 doesn't have a timescale but at least one module in design has a timescale.
WARNING: [XSIM 43-4099] "D:/Senior Design/Technical Work/Vivado/AES_128_Decryption_IP/ip_repo/aes_128_decryption_ip_1.0/src/table.v" Line 371. Module S doesn't have a timescale but at least one module in design has a timescale.
WARNING: [XSIM 43-4099] "D:/Senior Design/Technical Work/Vivado/AES_128_Decryption_IP/ip_repo/aes_128_decryption_ip_1.0/src/table.v" Line 371. Module S doesn't have a timescale but at least one module in design has a timescale.
WARNING: [XSIM 43-4099] "D:/Senior Design/Technical Work/Vivado/AES_128_Decryption_IP/ip_repo/aes_128_decryption_ip_1.0/src/table.v" Line 371. Module S doesn't have a timescale but at least one module in design has a timescale.
WARNING: [XSIM 43-4099] "D:/Senior Design/Technical Work/Vivado/AES_128_Decryption_IP/ip_repo/aes_128_decryption_ip_1.0/src/table.v" Line 371. Module S doesn't have a timescale but at least one module in design has a timescale.
WARNING: [XSIM 43-4099] "D:/Senior Design/Technical Work/Vivado/AES_128_Decryption_IP/ip_repo/aes_128_decryption_ip_1.0/src/aes_128.v" Line 47. Module expand_key_128 doesn't have a timescale but at least one module in design has a timescale.
WARNING: [XSIM 43-4099] "D:/Senior Design/Technical Work/Vivado/AES_128_Decryption_IP/ip_repo/aes_128_decryption_ip_1.0/src/table.v" Line 358. Module S4 doesn't have a timescale but at least one module in design has a timescale.
WARNING: [XSIM 43-4099] "D:/Senior Design/Technical Work/Vivado/AES_128_Decryption_IP/ip_repo/aes_128_decryption_ip_1.0/src/table.v" Line 371. Module S doesn't have a timescale but at least one module in design has a timescale.
WARNING: [XSIM 43-4099] "D:/Senior Design/Technical Work/Vivado/AES_128_Decryption_IP/ip_repo/aes_128_decryption_ip_1.0/src/table.v" Line 371. Module S doesn't have a timescale but at least one module in design has a timescale.
WARNING: [XSIM 43-4099] "D:/Senior Design/Technical Work/Vivado/AES_128_Decryption_IP/ip_repo/aes_128_decryption_ip_1.0/src/table.v" Line 371. Module S doesn't have a timescale but at least one module in design has a timescale.
WARNING: [XSIM 43-4099] "D:/Senior Design/Technical Work/Vivado/AES_128_Decryption_IP/ip_repo/aes_128_decryption_ip_1.0/src/table.v" Line 371. Module S doesn't have a timescale but at least one module in design has a timescale.
WARNING: [XSIM 43-4099] "D:/Senior Design/Technical Work/Vivado/AES_128_Decryption_IP/ip_repo/aes_128_decryption_ip_1.0/src/aes_128.v" Line 47. Module expand_key_128 doesn't have a timescale but at least one module in design has a timescale.
WARNING: [XSIM 43-4099] "D:/Senior Design/Technical Work/Vivado/AES_128_Decryption_IP/ip_repo/aes_128_decryption_ip_1.0/src/table.v" Line 358. Module S4 doesn't have a timescale but at least one module in design has a timescale.
WARNING: [XSIM 43-4099] "D:/Senior Design/Technical Work/Vivado/AES_128_Decryption_IP/ip_repo/aes_128_decryption_ip_1.0/src/table.v" Line 371. Module S doesn't have a timescale but at least one module in design has a timescale.
WARNING: [XSIM 43-4099] "D:/Senior Design/Technical Work/Vivado/AES_128_Decryption_IP/ip_repo/aes_128_decryption_ip_1.0/src/table.v" Line 371. Module S doesn't have a timescale but at least one module in design has a timescale.
WARNING: [XSIM 43-4099] "D:/Senior Design/Technical Work/Vivado/AES_128_Decryption_IP/ip_repo/aes_128_decryption_ip_1.0/src/table.v" Line 371. Module S doesn't have a timescale but at least one module in design has a timescale.
WARNING: [XSIM 43-4099] "D:/Senior Design/Technical Work/Vivado/AES_128_Decryption_IP/ip_repo/aes_128_decryption_ip_1.0/src/table.v" Line 371. Module S doesn't have a timescale but at least one module in design has a timescale.
WARNING: [XSIM 43-4099] "D:/Senior Design/Technical Work/Vivado/AES_128_Decryption_IP/ip_repo/aes_128_decryption_ip_1.0/src/aes_128.v" Line 47. Module expand_key_128 doesn't have a timescale but at least one module in design has a timescale.
WARNING: [XSIM 43-4099] "D:/Senior Design/Technical Work/Vivado/AES_128_Decryption_IP/ip_repo/aes_128_decryption_ip_1.0/src/table.v" Line 358. Module S4 doesn't have a timescale but at least one module in design has a timescale.
WARNING: [XSIM 43-4099] "D:/Senior Design/Technical Work/Vivado/AES_128_Decryption_IP/ip_repo/aes_128_decryption_ip_1.0/src/table.v" Line 371. Module S doesn't have a timescale but at least one module in design has a timescale.
WARNING: [XSIM 43-4099] "D:/Senior Design/Technical Work/Vivado/AES_128_Decryption_IP/ip_repo/aes_128_decryption_ip_1.0/src/table.v" Line 371. Module S doesn't have a timescale but at least one module in design has a timescale.
WARNING: [XSIM 43-4099] "D:/Senior Design/Technical Work/Vivado/AES_128_Decryption_IP/ip_repo/aes_128_decryption_ip_1.0/src/table.v" Line 371. Module S doesn't have a timescale but at least one module in design has a timescale.
WARNING: [XSIM 43-4099] "D:/Senior Design/Technical Work/Vivado/AES_128_Decryption_IP/ip_repo/aes_128_decryption_ip_1.0/src/table.v" Line 371. Module S doesn't have a timescale but at least one module in design has a timescale.
WARNING: [XSIM 43-4099] "D:/Senior Design/Technical Work/Vivado/AES_128_Decryption_IP/ip_repo/aes_128_decryption_ip_1.0/src/aes_128.v" Line 47. Module expand_key_128 doesn't have a timescale but at least one module in design has a timescale.
WARNING: [XSIM 43-4099] "D:/Senior Design/Technical Work/Vivado/AES_128_Decryption_IP/ip_repo/aes_128_decryption_ip_1.0/src/table.v" Line 358. Module S4 doesn't have a timescale but at least one module in design has a timescale.
WARNING: [XSIM 43-4099] "D:/Senior Design/Technical Work/Vivado/AES_128_Decryption_IP/ip_repo/aes_128_decryption_ip_1.0/src/table.v" Line 371. Module S doesn't have a timescale but at least one module in design has a timescale.
WARNING: [XSIM 43-4099] "D:/Senior Design/Technical Work/Vivado/AES_128_Decryption_IP/ip_repo/aes_128_decryption_ip_1.0/src/table.v" Line 371. Module S doesn't have a timescale but at least one module in design has a timescale.
WARNING: [XSIM 43-4099] "D:/Senior Design/Technical Work/Vivado/AES_128_Decryption_IP/ip_repo/aes_128_decryption_ip_1.0/src/table.v" Line 371. Module S doesn't have a timescale but at least one module in design has a timescale.
WARNING: [XSIM 43-4099] "D:/Senior Design/Technical Work/Vivado/AES_128_Decryption_IP/ip_repo/aes_128_decryption_ip_1.0/src/table.v" Line 371. Module S doesn't have a timescale but at least one module in design has a timescale.
WARNING: [XSIM 43-4099] "D:/Senior Design/Technical Work/Vivado/AES_128_Decryption_IP/ip_repo/aes_128_decryption_ip_1.0/src/aes_128.v" Line 47. Module expand_key_128 doesn't have a timescale but at least one module in design has a timescale.
WARNING: [XSIM 43-4099] "D:/Senior Design/Technical Work/Vivado/AES_128_Decryption_IP/ip_repo/aes_128_decryption_ip_1.0/src/table.v" Line 358. Module S4 doesn't have a timescale but at least one module in design has a timescale.
WARNING: [XSIM 43-4099] "D:/Senior Design/Technical Work/Vivado/AES_128_Decryption_IP/ip_repo/aes_128_decryption_ip_1.0/src/table.v" Line 371. Module S doesn't have a timescale but at least one module in design has a timescale.
WARNING: [XSIM 43-4099] "D:/Senior Design/Technical Work/Vivado/AES_128_Decryption_IP/ip_repo/aes_128_decryption_ip_1.0/src/table.v" Line 371. Module S doesn't have a timescale but at least one module in design has a timescale.
WARNING: [XSIM 43-4099] "D:/Senior Design/Technical Work/Vivado/AES_128_Decryption_IP/ip_repo/aes_128_decryption_ip_1.0/src/table.v" Line 371. Module S doesn't have a timescale but at least one module in design has a timescale.
WARNING: [XSIM 43-4099] "D:/Senior Design/Technical Work/Vivado/AES_128_Decryption_IP/ip_repo/aes_128_decryption_ip_1.0/src/table.v" Line 371. Module S doesn't have a timescale but at least one module in design has a timescale.
WARNING: [XSIM 43-4099] "D:/Senior Design/Technical Work/Vivado/AES_128_Decryption_IP/ip_repo/aes_128_decryption_ip_1.0/src/round.v" Line 1. Module one_round doesn't have a timescale but at least one module in design has a timescale.
WARNING: [XSIM 43-4099] "D:/Senior Design/Technical Work/Vivado/AES_128_Decryption_IP/ip_repo/aes_128_decryption_ip_1.0/src/table.v" Line 77. Module iS4 doesn't have a timescale but at least one module in design has a timescale.
WARNING: [XSIM 43-4099] "D:/Senior Design/Technical Work/Vivado/AES_128_Decryption_IP/ip_repo/aes_128_decryption_ip_1.0/src/table.v" Line 90. Module iS doesn't have a timescale but at least one module in design has a timescale.
WARNING: [XSIM 43-4099] "D:/Senior Design/Technical Work/Vivado/AES_128_Decryption_IP/ip_repo/aes_128_decryption_ip_1.0/src/table.v" Line 90. Module iS doesn't have a timescale but at least one module in design has a timescale.
WARNING: [XSIM 43-4099] "D:/Senior Design/Technical Work/Vivado/AES_128_Decryption_IP/ip_repo/aes_128_decryption_ip_1.0/src/table.v" Line 90. Module iS doesn't have a timescale but at least one module in design has a timescale.
WARNING: [XSIM 43-4099] "D:/Senior Design/Technical Work/Vivado/AES_128_Decryption_IP/ip_repo/aes_128_decryption_ip_1.0/src/table.v" Line 90. Module iS doesn't have a timescale but at least one module in design has a timescale.
WARNING: [XSIM 43-4099] "D:/Senior Design/Technical Work/Vivado/AES_128_Decryption_IP/ip_repo/aes_128_decryption_ip_1.0/src/table.v" Line 77. Module iS4 doesn't have a timescale but at least one module in design has a timescale.
WARNING: [XSIM 43-4099] "D:/Senior Design/Technical Work/Vivado/AES_128_Decryption_IP/ip_repo/aes_128_decryption_ip_1.0/src/table.v" Line 90. Module iS doesn't have a timescale but at least one module in design has a timescale.
WARNING: [XSIM 43-4099] "D:/Senior Design/Technical Work/Vivado/AES_128_Decryption_IP/ip_repo/aes_128_decryption_ip_1.0/src/table.v" Line 90. Module iS doesn't have a timescale but at least one module in design has a timescale.
WARNING: [XSIM 43-4099] "D:/Senior Design/Technical Work/Vivado/AES_128_Decryption_IP/ip_repo/aes_128_decryption_ip_1.0/src/table.v" Line 90. Module iS doesn't have a timescale but at least one module in design has a timescale.
WARNING: [XSIM 43-4099] "D:/Senior Design/Technical Work/Vivado/AES_128_Decryption_IP/ip_repo/aes_128_decryption_ip_1.0/src/table.v" Line 90. Module iS doesn't have a timescale but at least one module in design has a timescale.
WARNING: [XSIM 43-4099] "D:/Senior Design/Technical Work/Vivado/AES_128_Decryption_IP/ip_repo/aes_128_decryption_ip_1.0/src/table.v" Line 77. Module iS4 doesn't have a timescale but at least one module in design has a timescale.
WARNING: [XSIM 43-4099] "D:/Senior Design/Technical Work/Vivado/AES_128_Decryption_IP/ip_repo/aes_128_decryption_ip_1.0/src/table.v" Line 90. Module iS doesn't have a timescale but at least one module in design has a timescale.
WARNING: [XSIM 43-4099] "D:/Senior Design/Technical Work/Vivado/AES_128_Decryption_IP/ip_repo/aes_128_decryption_ip_1.0/src/table.v" Line 90. Module iS doesn't have a timescale but at least one module in design has a timescale.
WARNING: [XSIM 43-4099] "D:/Senior Design/Technical Work/Vivado/AES_128_Decryption_IP/ip_repo/aes_128_decryption_ip_1.0/src/table.v" Line 90. Module iS doesn't have a timescale but at least one module in design has a timescale.
WARNING: [XSIM 43-4099] "D:/Senior Design/Technical Work/Vivado/AES_128_Decryption_IP/ip_repo/aes_128_decryption_ip_1.0/src/table.v" Line 90. Module iS doesn't have a timescale but at least one module in design has a timescale.
WARNING: [XSIM 43-4099] "D:/Senior Design/Technical Work/Vivado/AES_128_Decryption_IP/ip_repo/aes_128_decryption_ip_1.0/src/table.v" Line 77. Module iS4 doesn't have a timescale but at least one module in design has a timescale.
WARNING: [XSIM 43-4099] "D:/Senior Design/Technical Work/Vivado/AES_128_Decryption_IP/ip_repo/aes_128_decryption_ip_1.0/src/table.v" Line 90. Module iS doesn't have a timescale but at least one module in design has a timescale.
WARNING: [XSIM 43-4099] "D:/Senior Design/Technical Work/Vivado/AES_128_Decryption_IP/ip_repo/aes_128_decryption_ip_1.0/src/table.v" Line 90. Module iS doesn't have a timescale but at least one module in design has a timescale.
WARNING: [XSIM 43-4099] "D:/Senior Design/Technical Work/Vivado/AES_128_Decryption_IP/ip_repo/aes_128_decryption_ip_1.0/src/table.v" Line 90. Module iS doesn't have a timescale but at least one module in design has a timescale.
WARNING: [XSIM 43-4099] "D:/Senior Design/Technical Work/Vivado/AES_128_Decryption_IP/ip_repo/aes_128_decryption_ip_1.0/src/table.v" Line 90. Module iS doesn't have a timescale but at least one module in design has a timescale.
WARNING: [XSIM 43-4099] "D:/Senior Design/Technical Work/Vivado/AES_128_Decryption_IP/ip_repo/aes_128_decryption_ip_1.0/src/table.v" Line 16. Module table_lookup doesn't have a timescale but at least one module in design has a timescale.
WARNING: [XSIM 43-4099] "D:/Senior Design/Technical Work/Vivado/AES_128_Decryption_IP/ip_repo/aes_128_decryption_ip_1.0/src/table.v" Line 49. Module T doesn't have a timescale but at least one module in design has a timescale.
WARNING: [XSIM 43-4099] "D:/Senior Design/Technical Work/Vivado/AES_128_Decryption_IP/ip_repo/aes_128_decryption_ip_1.0/src/table.v" Line 1. Module xtime doesn't have a timescale but at least one module in design has a timescale.
WARNING: [XSIM 43-4099] "D:/Senior Design/Technical Work/Vivado/AES_128_Decryption_IP/ip_repo/aes_128_decryption_ip_1.0/src/table.v" Line 1. Module xtime doesn't have a timescale but at least one module in design has a timescale.
WARNING: [XSIM 43-4099] "D:/Senior Design/Technical Work/Vivado/AES_128_Decryption_IP/ip_repo/aes_128_decryption_ip_1.0/src/table.v" Line 1. Module xtime doesn't have a timescale but at least one module in design has a timescale.
WARNING: [XSIM 43-4099] "D:/Senior Design/Technical Work/Vivado/AES_128_Decryption_IP/ip_repo/aes_128_decryption_ip_1.0/src/table.v" Line 49. Module T doesn't have a timescale but at least one module in design has a timescale.
WARNING: [XSIM 43-4099] "D:/Senior Design/Technical Work/Vivado/AES_128_Decryption_IP/ip_repo/aes_128_decryption_ip_1.0/src/table.v" Line 1. Module xtime doesn't have a timescale but at least one module in design has a timescale.
WARNING: [XSIM 43-4099] "D:/Senior Design/Technical Work/Vivado/AES_128_Decryption_IP/ip_repo/aes_128_decryption_ip_1.0/src/table.v" Line 1. Module xtime doesn't have a timescale but at least one module in design has a timescale.
WARNING: [XSIM 43-4099] "D:/Senior Design/Technical Work/Vivado/AES_128_Decryption_IP/ip_repo/aes_128_decryption_ip_1.0/src/table.v" Line 1. Module xtime doesn't have a timescale but at least one module in design has a timescale.
WARNING: [XSIM 43-4099] "D:/Senior Design/Technical Work/Vivado/AES_128_Decryption_IP/ip_repo/aes_128_decryption_ip_1.0/src/table.v" Line 49. Module T doesn't have a timescale but at least one module in design has a timescale.
WARNING: [XSIM 43-4099] "D:/Senior Design/Technical Work/Vivado/AES_128_Decryption_IP/ip_repo/aes_128_decryption_ip_1.0/src/table.v" Line 1. Module xtime doesn't have a timescale but at least one module in design has a timescale.
WARNING: [XSIM 43-4099] "D:/Senior Design/Technical Work/Vivado/AES_128_Decryption_IP/ip_repo/aes_128_decryption_ip_1.0/src/table.v" Line 1. Module xtime doesn't have a timescale but at least one module in design has a timescale.
WARNING: [XSIM 43-4099] "D:/Senior Design/Technical Work/Vivado/AES_128_Decryption_IP/ip_repo/aes_128_decryption_ip_1.0/src/table.v" Line 1. Module xtime doesn't have a timescale but at least one module in design has a timescale.
WARNING: [XSIM 43-4099] "D:/Senior Design/Technical Work/Vivado/AES_128_Decryption_IP/ip_repo/aes_128_decryption_ip_1.0/src/table.v" Line 49. Module T doesn't have a timescale but at least one module in design has a timescale.
WARNING: [XSIM 43-4099] "D:/Senior Design/Technical Work/Vivado/AES_128_Decryption_IP/ip_repo/aes_128_decryption_ip_1.0/src/table.v" Line 1. Module xtime doesn't have a timescale but at least one module in design has a timescale.
WARNING: [XSIM 43-4099] "D:/Senior Design/Technical Work/Vivado/AES_128_Decryption_IP/ip_repo/aes_128_decryption_ip_1.0/src/table.v" Line 1. Module xtime doesn't have a timescale but at least one module in design has a timescale.
WARNING: [XSIM 43-4099] "D:/Senior Design/Technical Work/Vivado/AES_128_Decryption_IP/ip_repo/aes_128_decryption_ip_1.0/src/table.v" Line 1. Module xtime doesn't have a timescale but at least one module in design has a timescale.
WARNING: [XSIM 43-4099] "D:/Senior Design/Technical Work/Vivado/AES_128_Decryption_IP/ip_repo/aes_128_decryption_ip_1.0/src/table.v" Line 16. Module table_lookup doesn't have a timescale but at least one module in design has a timescale.
INFO: [Common 17-14] Message 'XSIM 43-4099' appears 100 times and further instances of the messages will be disabled. Use the Tcl command set_msg_config to change the current settings.
Completed simulation data flow analysis
Time Resolution for simulation is 1ps
Compiling module xil_defaultlib.S
Compiling module xil_defaultlib.S4
Compiling module xil_defaultlib.expand_key_128
Compiling module xil_defaultlib.iS
Compiling module xil_defaultlib.iS4
Compiling module xil_defaultlib.xtime
Compiling module xil_defaultlib.T
Compiling module xil_defaultlib.table_lookup
Compiling module xil_defaultlib.one_round
Compiling module xil_defaultlib.final_round
Compiling module xil_defaultlib.aes_128
Compiling module xil_defaultlib.test_aes_128
Compiling module xil_defaultlib.glbl
Built simulation snapshot test_aes_128_behav
