Copyright 1986-2017 Xilinx, Inc. All Rights Reserved.
------------------------------------------------------------------------------------
| Tool Version : Vivado v.2017.4 (win64) Build 2086221 Fri Dec 15 20:55:39 MST 2017
| Date         : Thu Apr 24 05:49:18 2025
| Host         : DESKTOP-MN1CKLB running 64-bit major release  (build 9200)
| Command      : upgrade_ip
| Device       : xc7z020clg400-1
------------------------------------------------------------------------------------

Upgrade Log for IP 'aes_128_overlay_aes_128_ip_0_0'

1. Summary
----------

SUCCESS in the upgrade of aes_128_overlay_aes_128_ip_0_0 (xilinx.com:user:aes_128_ip:1.0) from (Rev. 6) to (Rev. 8)






Copyright 1986-2017 Xilinx, Inc. All Rights Reserved.
------------------------------------------------------------------------------------
| Tool Version : Vivado v.2017.4 (win64) Build 2086221 Fri Dec 15 20:55:39 MST 2017
| Date         : Wed Apr 23 21:43:13 2025
| Host         : DESKTOP-MN1CKLB running 64-bit major release  (build 9200)
| Command      : upgrade_ip
| Device       : xc7z020clg400-1
------------------------------------------------------------------------------------

Upgrade Log for IP 'aes_128_overlay_aes_128_ip_0_0'

1. Summary
----------

SUCCESS in the upgrade of aes_128_overlay_aes_128_ip_0_0 (xilinx.com:user:aes_128_ip:1.0) from (Rev. 4) to (Rev. 6)

